***********************************************
The rDock program is licensed under GNU-LGPLv3.0. http://rdock.sourceforge.net/
Executable:	rbdock ($Id: //depot/dev/client3/rdock/2013.1/src/exe/rbdock.cxx#4 $)
Library:	libRbt.so/2013.1/901 2013/11/27
RBT_ROOT:	/home/j5wagner/env_00/source/rDock/rDock_2013.1_src/
RBT_HOME:	/home/j5wagner
Current dir:	/extra/banzai2/j5wagner/CELPP/2016_10_17_rdock_implementation/normal_run/tutorialVideo/tutorial_rdock_implementation/full_week_run/4-docking/5m96/LMCSS_4wqp_docking
Date:		Mon Dec 12 10:03:58 2016
***********************************************


Command line args:
 -i /extra/banzai2/j5wagner/CELPP/2016_10_17_rdock_implementation/normal_run/tutorialVideo/tutorial_rdock_implementation/full_week_run/4-docking/5m96/lig_Q6Y_tech_prep/lig_Q6Y_prepared.sdf
 -r /extra/banzai2/j5wagner/CELPP/2016_10_17_rdock_implementation/normal_run/tutorialVideo/tutorial_rdock_implementation/full_week_run/4-docking/5m96/LMCSS_4wqp_tech_prep/rDockGridGenInput.prm
 -p dock.prm
 -o output
 -n 50
Reading polar hydrogens only from ligand SD file

DOCKING PROTOCOL:
/home/j5wagner/env_00/source/rDock/rDock_2013.1_src//data/scripts/dock.prm
Free docking (indexed VDW)

RECEPTOR:
/extra/banzai2/j5wagner/CELPP/2016_10_17_rdock_implementation/normal_run/tutorialVideo/tutorial_rdock_implementation/full_week_run/4-docking/5m96/LMCSS_4wqp_tech_prep/rDockGridGenInput.prm
tech_prep

DOCKING SITE
Total volume 2185.62 A^3
Cavity #1	Size=17485 points; Vol=2185.62 A^3; Min=(1,-45,-17.5); Max=(23,-17,8.5); Center=(11.0946,-30.6378,-4.97446); Extent=(22,28,26)


No solvent

------------- Terminate filter 0------------

if (SCORE.NRUNS - 49 ) > 0 then
	0.0 
else
	-1.0 
end


**************************************************
RECORD #1
NAME:   Undefined variant
RANDOM_NUMBER_SEED:           1481565838

END OF RUN
