12/12/16 09:35:35: Successfully prepared this protein:LMCSS-5m3r_1bzr_prepared.mol2
12/12/16 09:35:39: Successfully prepared this protein:SMCSS-5m3r_1bvd_prepared.mol2
12/12/16 09:35:43: Successfully prepared this protein:LMCSS-1fcz_1fcz_prepared.mol2
12/12/16 09:35:47: Successfully prepared this protein:SMCSS-1fcz_2lbd_prepared.mol2
12/12/16 09:35:51: Successfully prepared this protein:hiResHolo-1fcz_1fcy_prepared.mol2
12/12/16 09:35:54: Successfully prepared this protein:hiTanimoto-1fcz_1fcz_prepared.mol2
12/12/16 09:35:58: Successfully prepared this protein:LMCSS-5wrn_1hvy_prepared.mol2
12/12/16 09:36:02: Successfully prepared this protein:hiTanimoto-5wrn_3hb8_prepared.mol2
12/12/16 09:36:15: Expected output file hiResApo-5wrn_3ed7_prepared.mol2 does not exist after protein preparation. Assuming that protein prep failed. Skipping candidate hiResApo-5wrn_3ed7
12/12/16 09:36:26: Successfully prepared this protein:hiResHolo-5wrn_1ypv_prepared.mol2
12/12/16 09:36:37: Successfully prepared this protein:SMCSS-5wrn_4g6w_prepared.mol2
12/12/16 09:36:43: Successfully prepared this protein:SMCSS-5m93_3tmp_prepared.mol2
12/12/16 09:36:45: Successfully prepared this protein:hiResHolo-5m93_1ogw_prepared.mol2
12/12/16 09:36:48: Successfully prepared this protein:hiTanimoto-5m93_1cmx_prepared.mol2
12/12/16 09:36:51: Successfully prepared this protein:LMCSS-5m93_1ogw_prepared.mol2
12/12/16 09:36:53: Successfully prepared this protein:hiResApo-5m93_4xof_prepared.mol2
12/12/16 09:36:57: Successfully prepared this protein:LMCSS-5m96_4wqp_prepared.mol2
12/12/16 09:37:01: Successfully prepared this protein:hiResHolo-5m96_5aph_prepared.mol2
12/12/16 09:37:06: Successfully prepared this protein:SMCSS-5m96_4wlb_prepared.mol2
12/12/16 09:37:11: Successfully prepared this protein:hiTanimoto-5m96_5iz0_prepared.mol2
