***********************************************
The rDock program is licensed under GNU-LGPLv3.0. http://rdock.sourceforge.net/
Executable:	rbdock ($Id: //depot/dev/client3/rdock/2013.1/src/exe/rbdock.cxx#4 $)
Library:	libRbt.so/2013.1/901 2013/11/27
RBT_ROOT:	/home/j5wagner/env_00/source/rDock/rDock_2013.1_src/
RBT_HOME:	/home/j5wagner
Current dir:	/extra/banzai2/j5wagner/CELPP/2016_10_17_rdock_implementation/normal_run/tutorialVideo/tutorial_rdock_implementation/full_week_run/4-docking/1fcz/hiTanimoto_1fcz_docking
Date:		Mon Dec 12 09:47:26 2016
***********************************************


Command line args:
 -i /extra/banzai2/j5wagner/CELPP/2016_10_17_rdock_implementation/normal_run/tutorialVideo/tutorial_rdock_implementation/full_week_run/4-docking/1fcz/lig_156_tech_prep/lig_156_prepared.sdf
 -r /extra/banzai2/j5wagner/CELPP/2016_10_17_rdock_implementation/normal_run/tutorialVideo/tutorial_rdock_implementation/full_week_run/4-docking/1fcz/hiTanimoto_1fcz_tech_prep/rDockGridGenInput.prm
 -p dock.prm
 -o output
 -n 50
Reading polar hydrogens only from ligand SD file

DOCKING PROTOCOL:
/home/j5wagner/env_00/source/rDock/rDock_2013.1_src//data/scripts/dock.prm
Free docking (indexed VDW)

RECEPTOR:
/extra/banzai2/j5wagner/CELPP/2016_10_17_rdock_implementation/normal_run/tutorialVideo/tutorial_rdock_implementation/full_week_run/4-docking/1fcz/hiTanimoto_1fcz_tech_prep/rDockGridGenInput.prm
tech_prep

DOCKING SITE
Total volume 1493.62 A^3
Cavity #1	Size=11949 points; Vol=1493.62 A^3; Min=(30,3,73); Max=(48.5,29,96); Center=(39.1619,18.1323,84.1099); Extent=(18.5,26,23)


No solvent

------------- Terminate filter 0------------

if (SCORE.NRUNS - 49 ) > 0 then
	0.0 
else
	-1.0 
end


**************************************************
RECORD #1
NAME:   Undefined variant
RANDOM_NUMBER_SEED:           1481564846

END OF RUN
