***********************************************
The rDock program is licensed under GNU-LGPLv3.0. http://rdock.sourceforge.net/
Executable:	rbcavity ($Id: //depot/dev/client3/rdock/2013.1/src/exe/rbcavity.cxx#3 $)
Library:	libRbt.so/2013.1/901 2013/11/27
RBT_ROOT:	/home/j5wagner/env_00/source/rDock/rDock_2013.1_src/
RBT_HOME:	/home/j5wagner
Current dir:	/extra/banzai2/j5wagner/CELPP/2016_10_17_rdock_implementation/normal_run/tutorialVideo/tutorial_rdock_implementation/full_week_run/4-docking/5m3r/LMCSS_1bzr_tech_prep
Date:		Mon Dec 12 09:49:56 2016
***********************************************

Command line arguments:
-r rDockGridGenInput.prm
-was
-d

MAPPER
CENTER	(-0.136,8.261,17.582)
CLASS	RbtSphereSiteMapper
ENABLED	TRUE
GRIDSTEP	0.5
LARGE_SPHERE	4
MAX_CAVITIES	1
MIN_VOLUME	100
NAME	MAPPER
RADIUS	15.0
SMALL_SPHERE	1.0
TRACE	0
VOL_INCR	0.0


DOCKING SITE
Total volume 1961 A^3
Cavity #1	Size=15688 points; Vol=1961 A^3; Min=(-14.5,-5,3.5); Max=(14.5,17.5,32); Center=(-2.37175,7.94435,16.8963); Extent=(29,22.5,28.5)

Cav = 15688; total = 15688
