Opening clean_receptor.pdb...
Model 0 (clean_receptor.pdb) appears to be a protein without secondary structure assignments.
Automatically computing assignments using 'ksdssp' and parameter values:
  energy cutoff -0.5
  minimum helix length 3
  minimum strand length 3
Use command 'help ksdssp' for more information.

Computing secondary structure assignments...
Computed secondary structure assignments (see reply log)
Removed 13 alternate locations from #0 as follows:
	Residue  alt loc(s)

	:83.A  B

	:112.A  A

	:132.A  B

Mutating incomplete side chains
Residues with incomplete side chains:

	:34.A

Replacing each by 'swapaa same (residue atom spec)
 lib Dunbrack
 preserve True'

:34.A: phi -80.1, psi -39.4
 trans


Retrieving rotamers from Dunbrack library
Rotamers retrieved from Dunbrack library
Chi angles for :34.A:


Finding acceptors in model 'clean_receptor.pdb'
Building search tree of acceptor atoms
Finding acceptors in model 'rotamer 1 of :34.A'
Building search tree of acceptor atoms
Finding acceptors in model 'rotamer 2 of :34.A'
Building search tree of acceptor atoms
Finding acceptors in model 'rotamer 3 of :34.A'
Building search tree of acceptor atoms
Finding acceptors in model 'rotamer 4 of :34.A'
Building search tree of acceptor atoms
Finding acceptors in model 'rotamer 5 of :34.A'
Building search tree of acceptor atoms
Finding acceptors in model 'rotamer 6 of :34.A'
Building search tree of acceptor atoms
Finding acceptors in model 'rotamer 7 of :34.A'
Building search tree of acceptor atoms
Finding acceptors in model 'rotamer 9 of :34.A'
Building search tree of acceptor atoms
Finding acceptors in model 'rotamer 11 of :34.A'
Building search tree of acceptor atoms
Finding acceptors in model 'rotamer 12 of :34.A'
Building search tree of acceptor atoms
Finding acceptors in model 'rotamer 13 of :34.A'
Building search tree of acceptor atoms
Finding acceptors in model 'rotamer 14 of :34.A'
Building search tree of acceptor atoms
Finding acceptors in model 'rotamer 16 of :34.A'
Building search tree of acceptor atoms
Finding acceptors in model 'rotamer 17 of :34.A'
Building search tree of acceptor atoms
Finding acceptors in model 'rotamer 18 of :34.A'
Building search tree of acceptor atoms
Finding acceptors in model 'rotamer 20 of :34.A'
Building search tree of acceptor atoms
Finding acceptors in model 'rotamer 21 of :34.A'
Building search tree of acceptor atoms
Finding acceptors in model 'rotamer 22 of :34.A'
Building search tree of acceptor atoms
Finding acceptors in model 'rotamer 23 of :34.A'
Building search tree of acceptor atoms
Finding acceptors in model 'rotamer 24 of :34.A'
Building search tree of acceptor atoms
Finding acceptors in model 'rotamer 25 of :34.A'
Building search tree of acceptor atoms
Finding acceptors in model 'rotamer 26 of :34.A'
Building search tree of acceptor atoms
Finding acceptors in model 'rotamer 27 of :34.A'
Building search tree of acceptor atoms
Finding acceptors in model 'rotamer 29 of :34.A'
Building search tree of acceptor atoms
Finding acceptors in model 'rotamer 32 of :34.A'
Building search tree of acceptor atoms
Finding acceptors in model 'rotamer 37 of :34.A'
Building search tree of acceptor atoms
Finding acceptors in model 'rotamer 38 of :34.A'
Building search tree of acceptor atoms
Finding acceptors in model 'rotamer 40 of :34.A'
Building search tree of acceptor atoms
Finding acceptors in model 'rotamer 42 of :34.A'
Building search tree of acceptor atoms
Finding acceptors in model 'rotamer 43 of :34.A'
Building search tree of acceptor atoms
Finding acceptors in model 'rotamer 44 of :34.A'
Building search tree of acceptor atoms
Finding acceptors in model 'rotamer 46 of :34.A'
Building search tree of acceptor atoms
Finding acceptors in model 'rotamer 47 of :34.A'
Building search tree of acceptor atoms
Finding acceptors in model 'rotamer 48 of :34.A'
Building search tree of acceptor atoms
Finding acceptors in model 'rotamer 50 of :34.A'
Building search tree of acceptor atoms
Finding acceptors in model 'rotamer 51 of :34.A'
Building search tree of acceptor atoms
Finding acceptors in model 'rotamer 52 of :34.A'
Building search tree of acceptor atoms
Finding acceptors in model 'rotamer 54 of :34.A'
Building search tree of acceptor atoms
Finding acceptors in model 'rotamer 56 of :34.A'
Building search tree of acceptor atoms
Finding acceptors in model 'rotamer 58 of :34.A'
Building search tree of acceptor atoms
Finding acceptors in model 'rotamer 63 of :34.A'
Building search tree of acceptor atoms
Finding donors in model 'clean_receptor.pdb'
Matching donors in model 'clean_receptor.pdb' to acceptors
Finding donors in model 'rotamer 1 of :34.A'
Matching donors in model 'rotamer 1 of :34.A' to acceptors
Finding donors in model 'rotamer 2 of :34.A'
Matching donors in model 'rotamer 2 of :34.A' to acceptors
Finding donors in model 'rotamer 3 of :34.A'
Matching donors in model 'rotamer 3 of :34.A' to acceptors
Finding donors in model 'rotamer 4 of :34.A'
Matching donors in model 'rotamer 4 of :34.A' to acceptors
Finding donors in model 'rotamer 5 of :34.A'
Matching donors in model 'rotamer 5 of :34.A' to acceptors
Finding donors in model 'rotamer 6 of :34.A'
Matching donors in model 'rotamer 6 of :34.A' to acceptors
Finding donors in model 'rotamer 7 of :34.A'
Matching donors in model 'rotamer 7 of :34.A' to acceptors
Finding donors in model 'rotamer 9 of :34.A'
Matching donors in model 'rotamer 9 of :34.A' to acceptors
Finding donors in model 'rotamer 11 of :34.A'
Matching donors in model 'rotamer 11 of :34.A' to acceptors
Finding donors in model 'rotamer 12 of :34.A'
Matching donors in model 'rotamer 12 of :34.A' to acceptors
Finding donors in model 'rotamer 13 of :34.A'
Matching donors in model 'rotamer 13 of :34.A' to acceptors
Finding donors in model 'rotamer 14 of :34.A'
Matching donors in model 'rotamer 14 of :34.A' to acceptors
Finding donors in model 'rotamer 16 of :34.A'
Matching donors in model 'rotamer 16 of :34.A' to acceptors
Finding donors in model 'rotamer 17 of :34.A'
Matching donors in model 'rotamer 17 of :34.A' to acceptors
Finding donors in model 'rotamer 18 of :34.A'
Matching donors in model 'rotamer 18 of :34.A' to acceptors
Finding donors in model 'rotamer 20 of :34.A'
Matching donors in model 'rotamer 20 of :34.A' to acceptors
Finding donors in model 'rotamer 21 of :34.A'
Matching donors in model 'rotamer 21 of :34.A' to acceptors
Finding donors in model 'rotamer 22 of :34.A'
Matching donors in model 'rotamer 22 of :34.A' to acceptors
Finding donors in model 'rotamer 23 of :34.A'
Matching donors in model 'rotamer 23 of :34.A' to acceptors
Finding donors in model 'rotamer 24 of :34.A'
Matching donors in model 'rotamer 24 of :34.A' to acceptors
Finding donors in model 'rotamer 25 of :34.A'
Matching donors in model 'rotamer 25 of :34.A' to acceptors
Finding donors in model 'rotamer 26 of :34.A'
Matching donors in model 'rotamer 26 of :34.A' to acceptors
Finding donors in model 'rotamer 27 of :34.A'
Matching donors in model 'rotamer 27 of :34.A' to acceptors
Finding donors in model 'rotamer 29 of :34.A'
Matching donors in model 'rotamer 29 of :34.A' to acceptors
Finding donors in model 'rotamer 32 of :34.A'
Matching donors in model 'rotamer 32 of :34.A' to acceptors
Finding donors in model 'rotamer 37 of :34.A'
Matching donors in model 'rotamer 37 of :34.A' to acceptors
Finding donors in model 'rotamer 38 of :34.A'
Matching donors in model 'rotamer 38 of :34.A' to acceptors
Finding donors in model 'rotamer 40 of :34.A'
Matching donors in model 'rotamer 40 of :34.A' to acceptors
Finding donors in model 'rotamer 42 of :34.A'
Matching donors in model 'rotamer 42 of :34.A' to acceptors
Finding donors in model 'rotamer 43 of :34.A'
Matching donors in model 'rotamer 43 of :34.A' to acceptors
Finding donors in model 'rotamer 44 of :34.A'
Matching donors in model 'rotamer 44 of :34.A' to acceptors
Finding donors in model 'rotamer 46 of :34.A'
Matching donors in model 'rotamer 46 of :34.A' to acceptors
Finding donors in model 'rotamer 47 of :34.A'
Matching donors in model 'rotamer 47 of :34.A' to acceptors
Finding donors in model 'rotamer 48 of :34.A'
Matching donors in model 'rotamer 48 of :34.A' to acceptors
Finding donors in model 'rotamer 50 of :34.A'
Matching donors in model 'rotamer 50 of :34.A' to acceptors
Finding donors in model 'rotamer 51 of :34.A'
Matching donors in model 'rotamer 51 of :34.A' to acceptors
Finding donors in model 'rotamer 52 of :34.A'
Matching donors in model 'rotamer 52 of :34.A' to acceptors
Finding donors in model 'rotamer 54 of :34.A'
Matching donors in model 'rotamer 54 of :34.A' to acceptors
Finding donors in model 'rotamer 56 of :34.A'
Matching donors in model 'rotamer 56 of :34.A' to acceptors
Finding donors in model 'rotamer 58 of :34.A'
Matching donors in model 'rotamer 58 of :34.A' to acceptors
Finding donors in model 'rotamer 63 of :34.A'
Matching donors in model 'rotamer 63 of :34.A' to acceptors
Applying LYS rotamer (chi angles: -68.6 -177.6 -179.2 179.4) to :34.A

Adding hydrogens
No SEQRES records for clean_receptor.pdb (#0) chain A;
 guessing terminii instead

Chain-initial residues that are actual N terminii: :1.A

Chain-initial residues that are not actual N terminii: 

Chain-final residues that are actual C terminii: :153.A

Chain-final residues that are not actual C terminii: 

Categorizing heavy atoms
Building search tree of atom positions
Adding simple fixed hydrogens
Adding co-planar hydrogens
Finding hydrogen bonds
Finding acceptors in model 'clean_receptor.pdb'
Building search tree of acceptor atoms
Finding donors in model 'clean_receptor.pdb'
Matching donors in model 'clean_receptor.pdb' to acceptors
155 hydrogen bonds

Sorting hydrogen bonds by distance
Organizing h-bond info
Adding hydrogens by h-bond strength
Adding hydrogens by h-bond strength (0/33)
Adding hydrogens by h-bond strength (30/33)
Adding hydrogens to primary aromatic amines
Using steric criteria to resolve partial h-bonders
Adding hydrogens to non-h-bonding atoms
Deciding aromatic nitrogen protonation
Hydrogens added
Hydrogens added

Defining AMBER residue types
Checking phosphorylation of chain-terminal nucleic acids

Adding standard charges
Charge model: AMBER ff14SB

Standard charges added
Done adding charges
Total charge for #0: 2.000

Total charge for #0: 2.000

Dock prep finished
