***********************************************
The rDock program is licensed under GNU-LGPLv3.0. http://rdock.sourceforge.net/
Executable:	rbdock ($Id: //depot/dev/client3/rdock/2013.1/src/exe/rbdock.cxx#4 $)
Library:	libRbt.so/2013.1/901 2013/11/27
RBT_ROOT:	/home/j5wagner/env_00/source/rDock/rDock_2013.1_src/
RBT_HOME:	/home/j5wagner
Current dir:	/extra/banzai2/j5wagner/CELPP/2016_10_17_rdock_implementation/normal_run/tutorialVideo/tutorial_rdock_implementation/full_week_run/4-docking/5m93/hiResApo_4xof_docking
Date:		Mon Dec 12 10:01:51 2016
***********************************************


Command line args:
 -i /extra/banzai2/j5wagner/CELPP/2016_10_17_rdock_implementation/normal_run/tutorialVideo/tutorial_rdock_implementation/full_week_run/4-docking/5m93/lig_RIB_tech_prep/lig_RIB_prepared.sdf
 -r /extra/banzai2/j5wagner/CELPP/2016_10_17_rdock_implementation/normal_run/tutorialVideo/tutorial_rdock_implementation/full_week_run/4-docking/5m93/hiResApo_4xof_tech_prep/rDockGridGenInput.prm
 -p dock.prm
 -o output
 -n 50
Reading polar hydrogens only from ligand SD file

DOCKING PROTOCOL:
/home/j5wagner/env_00/source/rDock/rDock_2013.1_src//data/scripts/dock.prm
Free docking (indexed VDW)

RECEPTOR:
/extra/banzai2/j5wagner/CELPP/2016_10_17_rdock_implementation/normal_run/tutorialVideo/tutorial_rdock_implementation/full_week_run/4-docking/5m93/hiResApo_4xof_tech_prep/rDockGridGenInput.prm
tech_prep

DOCKING SITE
Total volume 1168.75 A^3
Cavity #1	Size=9350 points; Vol=1168.75 A^3; Min=(15,15.5,6.5); Max=(41,40,29.5); Center=(24.6363,28.4315,20.0761); Extent=(26,24.5,23)


No solvent

------------- Terminate filter 0------------

if (SCORE.NRUNS - 49 ) > 0 then
	0.0 
else
	-1.0 
end


**************************************************
RECORD #1
NAME:   Undefined variant
RANDOM_NUMBER_SEED:           1481565712

END OF RUN
