***********************************************
The rDock program is licensed under GNU-LGPLv3.0. http://rdock.sourceforge.net/
Executable:	rbcavity ($Id: //depot/dev/client3/rdock/2013.1/src/exe/rbcavity.cxx#3 $)
Library:	libRbt.so/2013.1/901 2013/11/27
RBT_ROOT:	/home/j5wagner/env_00/source/rDock/rDock_2013.1_src/
RBT_HOME:	/home/j5wagner
Current dir:	/extra/banzai2/j5wagner/CELPP/2016_10_17_rdock_implementation/normal_run/tutorialVideo/tutorial_rdock_implementation/full_week_run/4-docking/5m93/hiResHolo_1ogw_tech_prep
Date:		Mon Dec 12 09:55:09 2016
***********************************************

Command line arguments:
-r rDockGridGenInput.prm
-was
-d

MAPPER
CENTER	(26.615,25.375,19.668)
CLASS	RbtSphereSiteMapper
ENABLED	TRUE
GRIDSTEP	0.5
LARGE_SPHERE	4
MAX_CAVITIES	1
MIN_VOLUME	100
NAME	MAPPER
RADIUS	15.0
SMALL_SPHERE	1.0
TRACE	0
VOL_INCR	0.0


DOCKING SITE
Total volume 1775.38 A^3
Cavity #1	Size=14203 points; Vol=1775.38 A^3; Min=(14.5,13.5,7); Max=(40.5,40,31); Center=(25.8412,27.4776,19.172); Extent=(26,26.5,24)

Cav = 14203; total = 14203
