***********************************************
The rDock program is licensed under GNU-LGPLv3.0. http://rdock.sourceforge.net/
Executable:	rbcavity ($Id: //depot/dev/client3/rdock/2013.1/src/exe/rbcavity.cxx#3 $)
Library:	libRbt.so/2013.1/901 2013/11/27
RBT_ROOT:	/home/j5wagner/env_00/source/rDock/rDock_2013.1_src/
RBT_HOME:	/home/j5wagner
Current dir:	/extra/banzai2/j5wagner/CELPP/2016_10_17_rdock_implementation/normal_run/tutorialVideo/tutorial_rdock_implementation/full_week_run/4-docking/5m93/hiResApo_4xof_tech_prep
Date:		Mon Dec 12 10:01:37 2016
***********************************************

Command line arguments:
-r rDockGridGenInput.prm
-was
-d

MAPPER
CENTER	(26.615,25.375,19.668)
CLASS	RbtSphereSiteMapper
ENABLED	TRUE
GRIDSTEP	0.5
LARGE_SPHERE	4
MAX_CAVITIES	1
MIN_VOLUME	100
NAME	MAPPER
RADIUS	15.0
SMALL_SPHERE	1.0
TRACE	0
VOL_INCR	0.0


DOCKING SITE
Total volume 1168.75 A^3
Cavity #1	Size=9350 points; Vol=1168.75 A^3; Min=(15,15.5,6.5); Max=(41,40,29.5); Center=(24.6363,28.4315,20.0761); Extent=(26,24.5,23)

Cav = 9350; total = 9350
